DEBUG: reactNativeGradlePlugin path: C:\Users\Usuario\.gemini\antigravity\scratch\nenipay\node_modules\@react-native\gradle-plugin
DEBUG: expoPluginsPath: C:\Users\Usuario\.gemini\antigravity\scratch\nenipay\node_modules\expo-modules-autolinking\..\android\expo-gradle-plugin

FAILURE: Build failed with an exception.

* Where:
Settings file 'C:\Users\Usuario\.gemini\antigravity\scratch\nenipay\android\settings.gradle' line: 23

* What went wrong:
Error resolving plugin [id: 'com.facebook.react.settings']
> Included build 'C:\Users\Usuario\.gemini\antigravity\scratch\nenipay\node_modules\android\expo-gradle-plugin' does not exist.

* Try:
> Run with --stacktrace option to get the stack trace.
> Run with --info or --debug option to get more log output.
> Run with --scan to get full insights.
> Get more help at https://help.gradle.org.

BUILD FAILED in 3s
