DEBUG: reactNativeGradlePlugin path: C:\Users\Usuario\.gemini\antigravity\scratch\nenipay\node_modules\@react-native\gradle-plugin
DEBUG: expoPluginsPath: C:\Users\Usuario\.gemini\antigravity\scratch\nenipay\node_modules\expo-modules-autolinking\android\expo-gradle-plugin

[Incubating] Problems report is available at: file:///C:/Users/Usuario/.gemini/antigravity/scratch/nenipay/android/build/reports/problems/problems-report.html

FAILURE: Build failed with an exception.

* Where:
Settings file 'C:\Users\Usuario\.gemini\antigravity\scratch\nenipay\android\settings.gradle' line: 24

* What went wrong:
Plugin [id: 'expo-autolinking-settings'] was not found in any of the following sources:

- Gradle Core Plugins (not a core plugin. For more available plugins, please refer to https://docs.gradle.org/8.14.3/userguide/plugin_reference.html in the Gradle documentation.)
- Included Builds (No included builds contain this plugin)
- Plugin Repositories (plugin dependency must include a version number for this source)

* Try:
> Run with --stacktrace option to get the stack trace.
> Run with --info or --debug option to get more log output.
> Run with --scan to get full insights.
> Get more help at https://help.gradle.org.

Deprecated Gradle features were used in this build, making it incompatible with Gradle 9.0.

You can use '--warning-mode all' to show the individual deprecation warnings and determine if they come from your own scripts or plugins.

For more on this, please refer to https://docs.gradle.org/8.14.3/userguide/command_line_interface.html#sec:command_line_warnings in the Gradle documentation.

BUILD FAILED in 5s
