# JRE version: OpenJDK Runtime Environment Temurin-17.0.18+8 (17.0.18+8) (build 17.0.18+8)
# Java VM: OpenJDK 64-Bit Server VM Temurin-17.0.18+8 (17.0.18+8, mixed mode, sharing, tiered, compressed oops, compressed class ptrs, g1 gc, windows-amd64)
GC Precious Log:
 CPUs: 8 total, 8 available
 Memory: 16198M
 Large Page Support: Disabled
 NUMA Support: Disabled
 Compressed Oops: Enabled (Zero based)
 Heap Region Size: 2M
 Heap Min Capacity: 8M
 Heap Initial Capacity: 254M
 Heap Max Capacity: 4G
 Pre-touch: Disabled
 Parallel Workers: 8
 Concurrent Workers: 2
 Concurrent Refinement Workers: 8
 Periodic GC: Disabled
Heap:
 garbage-first heap   total 260096K, used 110642K [0x0000000700000000, 0x0000000800000000)
  region size 2048K, 50 young (102400K), 4 survivors (8192K)
 Metaspace       used 19997K, committed 20288K, reserved 491520K
  class space    used 2918K, committed 3072K, reserved 425984K
GC Heap History (6 events):
Event: 1.737 GC heap before
{Heap before GC invocations=0 (full 0):
 garbage-first heap   total 260096K, used 22528K [0x0000000700000000, 0x0000000800000000)
  region size 2048K, 11 young (22528K), 0 survivors (0K)
 Metaspace       used 829K, committed 960K, reserved 491520K
  class space    used 61K, committed 128K, reserved 425984K
}
Event: 1.923 GC heap after
{Heap after GC invocations=1 (full 0):
 garbage-first heap   total 260096K, used 1397K [0x0000000700000000, 0x0000000800000000)
  region size 2048K, 1 young (2048K), 1 survivors (2048K)
 Metaspace       used 829K, committed 960K, reserved 491520K
  class space    used 61K, committed 128K, reserved 425984K
}
Event: 4.653 GC heap before
{Heap before GC invocations=1 (full 0):
 garbage-first heap   total 260096K, used 44405K [0x0000000700000000, 0x0000000800000000)
  region size 2048K, 20 young (40960K), 1 survivors (2048K)
 Metaspace       used 4390K, committed 4544K, reserved 491520K
  class space    used 548K, committed 640K, reserved 425984K
}
Event: 4.659 GC heap after
{Heap after GC invocations=2 (full 0):
 garbage-first heap   total 260096K, used 11825K [0x0000000700000000, 0x0000000800000000)
  region size 2048K, 3 young (6144K), 3 survivors (6144K)
 Metaspace       used 4390K, committed 4544K, reserved 491520K
  class space    used 548K, committed 640K, reserved 425984K
}
Event: 6.650 GC heap before
{Heap before GC invocations=2 (full 0):
 garbage-first heap   total 260096K, used 71217K [0x0000000700000000, 0x0000000800000000)
  region size 2048K, 32 young (65536K), 3 survivors (6144K)
 Metaspace       used 6807K, committed 6912K, reserved 491520K
  class space    used 913K, committed 960K, reserved 425984K
}
Event: 6.661 GC heap after
{Heap after GC invocations=3 (full 0):
 garbage-first heap   total 260096K, used 18482K [0x0000000700000000, 0x0000000800000000)
  region size 2048K, 4 young (8192K), 4 survivors (8192K)
 Metaspace       used 6807K, committed 6912K, reserved 491520K
  class space    used 913K, committed 960K, reserved 425984K
}

