# JRE version: OpenJDK Runtime Environment Temurin-17.0.18+8 (17.0.18+8) (build 17.0.18+8)
# Java VM: OpenJDK 64-Bit Server VM Temurin-17.0.18+8 (17.0.18+8, mixed mode, sharing, tiered, compressed oops, compressed class ptrs, g1 gc, windows-amd64)
GC Precious Log:
 CPUs: 8 total, 8 available
 Memory: 16198M
 Large Page Support: Disabled
 NUMA Support: Disabled
 Compressed Oops: Enabled (32-bit)
 Heap Region Size: 1M
 Heap Min Capacity: 256M
 Heap Initial Capacity: 256M
 Heap Max Capacity: 512M
 Pre-touch: Disabled
 Parallel Workers: 8
 Concurrent Workers: 2
 Concurrent Refinement Workers: 8
 Periodic GC: Disabled
Heap:
 garbage-first heap   total 262144K, used 203280K [0x00000000e0000000, 0x0000000100000000)
  region size 1024K, 150 young (153600K), 14 survivors (14336K)
 Metaspace       used 77247K, committed 78080K, reserved 458752K
  class space    used 10973K, committed 11392K, reserved 327680K
GC Heap History (17 events):
Event: 0.728 GC heap before
{Heap before GC invocations=0 (full 0):
 garbage-first heap   total 262144K, used 27648K [0x00000000e0000000, 0x0000000100000000)
  region size 1024K, 23 young (23552K), 0 survivors (0K)
 Metaspace       used 1096K, committed 1216K, reserved 393216K
  class space    used 72K, committed 128K, reserved 327680K
}
Event: 0.733 GC heap after
{Heap after GC invocations=1 (full 0):
 garbage-first heap   total 262144K, used 10475K [0x00000000e0000000, 0x0000000100000000)
  region size 1024K, 3 young (3072K), 3 survivors (3072K)
 Metaspace       used 1096K, committed 1216K, reserved 393216K
  class space    used 72K, committed 128K, reserved 327680K
}
Event: 1.779 GC heap before
{Heap before GC invocations=1 (full 0):
 garbage-first heap   total 262144K, used 40171K [0x00000000e0000000, 0x0000000100000000)
  region size 1024K, 32 young (32768K), 3 survivors (3072K)
 Metaspace       used 4273K, committed 4480K, reserved 393216K
  class space    used 534K, committed 640K, reserved 327680K
}
Event: 1.784 GC heap after
{Heap after GC invocations=2 (full 0):
 garbage-first heap   total 262144K, used 12557K [0x00000000e0000000, 0x0000000100000000)
  region size 1024K, 2 young (2048K), 2 survivors (2048K)
 Metaspace       used 4273K, committed 4480K, reserved 393216K
  class space    used 534K, committed 640K, reserved 327680K
}
Event: 3.089 GC heap before
{Heap before GC invocations=2 (full 0):
 garbage-first heap   total 262144K, used 70925K [0x00000000e0000000, 0x0000000100000000)
  region size 1024K, 57 young (58368K), 2 survivors (2048K)
 Metaspace       used 7915K, committed 8128K, reserved 393216K
  class space    used 1065K, committed 1152K, reserved 327680K
}
Event: 3.095 GC heap after
{Heap after GC invocations=3 (full 0):
 garbage-first heap   total 262144K, used 19548K [0x00000000e0000000, 0x0000000100000000)
  region size 1024K, 8 young (8192K), 8 survivors (8192K)
 Metaspace       used 7915K, committed 8128K, reserved 393216K
  class space    used 1065K, committed 1152K, reserved 327680K
}
Event: 5.941 GC heap before
{Heap before GC invocations=3 (full 0):
 garbage-first heap   total 262144K, used 110684K [0x00000000e0000000, 0x0000000100000000)
  region size 1024K, 98 young (100352K), 8 survivors (8192K)
 Metaspace       used 21167K, committed 21504K, reserved 393216K
  class space    used 3101K, committed 3264K, reserved 327680K
}
Event: 5.957 GC heap after
{Heap after GC invocations=4 (full 0):
 garbage-first heap   total 262144K, used 24914K [0x00000000e0000000, 0x0000000100000000)
  region size 1024K, 13 young (13312K), 13 survivors (13312K)
 Metaspace       used 21167K, committed 21504K, reserved 393216K
  class space    used 3101K, committed 3264K, reserved 327680K
}
Event: 10.567 GC heap before
{Heap before GC invocations=5 (full 0):
 garbage-first heap   total 262144K, used 143698K [0x00000000e0000000, 0x0000000100000000)
  region size 1024K, 131 young (134144K), 13 survivors (13312K)
 Metaspace       used 35698K, committed 36096K, reserved 393216K
  class space    used 5056K, committed 5248K, reserved 327680K
}
Event: 10.593 GC heap after
{Heap after GC invocations=6 (full 0):
 garbage-first heap   total 262144K, used 34478K [0x00000000e0000000, 0x0000000100000000)
  region size 1024K, 15 young (15360K), 15 survivors (15360K)
 Metaspace       used 35698K, committed 36096K, reserved 393216K
  class space    used 5056K, committed 5248K, reserved 327680K
}
Event: 15.445 GC heap before
{Heap before GC invocations=7 (full 0):
 garbage-first heap   total 262144K, used 181934K [0x00000000e0000000, 0x0000000100000000)
  region size 1024K, 153 young (156672K), 15 survivors (15360K)
 Metaspace       used 47731K, committed 48256K, reserved 393216K
  class space    used 6715K, committed 6976K, reserved 327680K
}
Event: 15.477 GC heap after
{Heap after GC invocations=8 (full 0):
 garbage-first heap   total 262144K, used 42291K [0x00000000e0000000, 0x0000000100000000)
  region size 1024K, 18 young (18432K), 18 survivors (18432K)
 Metaspace       used 47731K, committed 48256K, reserved 393216K
  class space    used 6715K, committed 6976K, reserved 327680K
}
Event: 19.383 GC heap before
{Heap before GC invocations=8 (full 0):
 garbage-first heap   total 262144K, used 182579K [0x00000000e0000000, 0x0000000100000000)
  region size 1024K, 150 young (153600K), 18 survivors (18432K)
 Metaspace       used 59785K, committed 60416K, reserved 393216K
  class space    used 8384K, committed 8704K, reserved 327680K
}
Event: 19.412 GC heap after
{Heap after GC invocations=9 (full 0):
 garbage-first heap   total 262144K, used 56278K [0x00000000e0000000, 0x0000000100000000)
  region size 1024K, 17 young (17408K), 17 survivors (17408K)
 Metaspace       used 59785K, committed 60416K, reserved 393216K
  class space    used 8384K, committed 8704K, reserved 327680K
}
Event: 24.323 GC heap before
{Heap before GC invocations=10 (full 0):
 garbage-first heap   total 262144K, used 195542K [0x00000000e0000000, 0x0000000100000000)
  region size 1024K, 153 young (156672K), 17 survivors (17408K)
 Metaspace       used 69893K, committed 70592K, reserved 393216K
  class space    used 9963K, committed 10304K, reserved 327680K
}
Event: 24.355 GC heap after
{Heap after GC invocations=11 (full 0):
 garbage-first heap   total 262144K, used 64016K [0x00000000e0000000, 0x0000000100000000)
  region size 1024K, 16 young (16384K), 16 survivors (16384K)
 Metaspace       used 69893K, committed 70592K, reserved 393216K
  class space    used 9963K, committed 10304K, reserved 327680K
}
Event: 38.151 GC heap before
{Heap before GC invocations=11 (full 0):
 garbage-first heap   total 262144K, used 203280K [0x00000000e0000000, 0x0000000100000000)
  region size 1024K, 152 young (155648K), 16 survivors (16384K)
 Metaspace       used 77247K, committed 78080K, reserved 458752K
  class space    used 10973K, committed 11392K, reserved 327680K
}

